\BOOKMARK [1][-]{section.1}{\376\377\000I\000n\000t\000r\000o\000d\000u\000c\000t\000i\000o\000n}{}% 1
\BOOKMARK [1][-]{section.2}{\376\377\000P\000r\000o\000b\000l\000e\000m\000\040\000F\000o\000r\000m\000a\000l\000i\000z\000a\000t\000i\000o\000n}{}% 2
\BOOKMARK [2][-]{subsection.2.1}{\376\377\000M\000a\000t\000h\000e\000m\000a\000t\000i\000c\000a\000l\000\040\000D\000e\000f\000i\000n\000i\000t\000i\000o\000n}{section.2}% 3
\BOOKMARK [2][-]{subsection.2.2}{\376\377\000A\000t\000t\000a\000c\000k\000\040\000P\000a\000t\000t\000e\000r\000n\000\040\000F\000o\000r\000m\000a\000l\000i\000z\000a\000t\000i\000o\000n}{section.2}% 4
\BOOKMARK [1][-]{section.3}{\376\377\000D\000e\000v\000e\000l\000o\000p\000m\000e\000n\000t\000\040\000H\000i\000s\000t\000o\000r\000y\000\040\000a\000n\000d\000\040\000P\000e\000r\000f\000o\000r\000m\000a\000n\000c\000e\000\040\000E\000v\000o\000l\000u\000t\000i\000o\000n}{}% 5
\BOOKMARK [2][-]{subsection.3.1}{\376\377\000G\000i\000t\000\040\000R\000e\000p\000o\000s\000i\000t\000o\000r\000y\000\040\000A\000n\000a\000l\000y\000s\000i\000s}{section.3}% 6
\BOOKMARK [2][-]{subsection.3.2}{\376\377\000A\000l\000g\000o\000r\000i\000t\000h\000m\000i\000c\000\040\000E\000v\000o\000l\000u\000t\000i\000o\000n\000\040\000P\000h\000a\000s\000e\000s}{section.3}% 7
\BOOKMARK [3][-]{subsubsection.3.2.1}{\376\377\000P\000h\000a\000s\000e\000\040\0001\000:\000\040\000F\000u\000n\000c\000t\000i\000o\000n\000a\000l\000\040\000F\000o\000u\000n\000d\000a\000t\000i\000o\000n\000\040\000\050\0002\0000\000-\0002\0004\000s\000\051}{subsection.3.2}% 8
\BOOKMARK [3][-]{subsubsection.3.2.2}{\376\377\000P\000h\000a\000s\000e\000\040\0002\000:\000\040\000P\000a\000r\000a\000l\000l\000e\000l\000\040\000P\000r\000o\000c\000e\000s\000s\000i\000n\000g\000\040\000\050\0008\000.\0007\000s\000\040\041\222\000\040\0006\000.\0002\000s\000\051}{subsection.3.2}% 9
\BOOKMARK [3][-]{subsubsection.3.2.3}{\376\377\000P\000h\000a\000s\000e\000\040\0003\000:\000\040\000O\000b\000j\000e\000c\000t\000\040\000C\000r\000e\000a\000t\000i\000o\000n\000\040\000E\000l\000i\000m\000i\000n\000a\000t\000i\000o\000n\000\040\000\050\0001\000.\0009\000s\000\051}{subsection.3.2}% 10
\BOOKMARK [3][-]{subsubsection.3.2.4}{\376\377\000P\000h\000a\000s\000e\000\040\0004\000:\000\040\000S\000y\000m\000m\000e\000t\000r\000y\000\040\000E\000l\000i\000m\000i\000n\000a\000t\000i\000o\000n\000\040\000\050\0003\0005\0003\000m\000s\000\051}{subsection.3.2}% 11
\BOOKMARK [1][-]{section.4}{\376\377\000S\000y\000m\000m\000e\000t\000r\000y\000\040\000E\000l\000i\000m\000i\000n\000a\000t\000i\000o\000n\000:\000\040\000T\000h\000e\000o\000r\000e\000t\000i\000c\000a\000l\000\040\000F\000o\000u\000n\000d\000a\000t\000i\000o\000n}{}% 12
\BOOKMARK [2][-]{subsection.4.1}{\376\377\000G\000r\000o\000u\000p\000\040\000T\000h\000e\000o\000r\000y\000\040\000A\000p\000p\000l\000i\000c\000a\000t\000i\000o\000n}{section.4}% 13
\BOOKMARK [2][-]{subsection.4.2}{\376\377\000C\000a\000n\000o\000n\000i\000c\000a\000l\000\040\000F\000o\000r\000m\000\040\000A\000l\000g\000o\000r\000i\000t\000h\000m}{section.4}% 14
\BOOKMARK [2][-]{subsection.4.3}{\376\377\000M\000a\000t\000h\000e\000m\000a\000t\000i\000c\000a\000l\000\040\000C\000o\000r\000r\000e\000c\000t\000n\000e\000s\000s\000\040\000P\000r\000o\000o\000f}{section.4}% 15
\BOOKMARK [1][-]{section.5}{\376\377\000E\000x\000p\000e\000r\000i\000m\000e\000n\000t\000a\000l\000\040\000V\000a\000l\000i\000d\000a\000t\000i\000o\000n}{}% 16
\BOOKMARK [2][-]{subsection.5.1}{\376\377\000C\000o\000r\000r\000e\000c\000t\000n\000e\000s\000s\000\040\000V\000e\000r\000i\000f\000i\000c\000a\000t\000i\000o\000n}{section.5}% 17
\BOOKMARK [2][-]{subsection.5.2}{\376\377\000P\000e\000r\000f\000o\000r\000m\000a\000n\000c\000e\000\040\000B\000e\000n\000c\000h\000m\000a\000r\000k\000s}{section.5}% 18
\BOOKMARK [2][-]{subsection.5.3}{\376\377\000S\000c\000a\000l\000a\000b\000i\000l\000i\000t\000y\000\040\000A\000n\000a\000l\000y\000s\000i\000s}{section.5}% 19
\BOOKMARK [1][-]{section.6}{\376\377\000I\000m\000p\000l\000e\000m\000e\000n\000t\000a\000t\000i\000o\000n\000\040\000A\000r\000c\000h\000i\000t\000e\000c\000t\000u\000r\000e}{}% 20
\BOOKMARK [2][-]{subsection.6.1}{\376\377\000C\000o\000r\000e\000\040\000A\000l\000g\000o\000r\000i\000t\000h\000m\000\040\000S\000t\000r\000u\000c\000t\000u\000r\000e}{section.6}% 21
\BOOKMARK [2][-]{subsection.6.2}{\376\377\000S\000y\000m\000m\000e\000t\000r\000y\000\040\000I\000n\000t\000e\000g\000r\000a\000t\000i\000o\000n}{section.6}% 22
\BOOKMARK [1][-]{section.7}{\376\377\000R\000e\000s\000u\000l\000t\000s\000\040\000a\000n\000d\000\040\000I\000m\000p\000a\000c\000t}{}% 23
\BOOKMARK [2][-]{subsection.7.1}{\376\377\000P\000e\000r\000f\000o\000r\000m\000a\000n\000c\000e\000\040\000A\000c\000h\000i\000e\000v\000e\000m\000e\000n\000t\000s}{section.7}% 24
\BOOKMARK [2][-]{subsection.7.2}{\376\377\000B\000r\000o\000a\000d\000e\000r\000\040\000I\000m\000p\000l\000i\000c\000a\000t\000i\000o\000n\000s}{section.7}% 25
\BOOKMARK [2][-]{subsection.7.3}{\376\377\000F\000u\000t\000u\000r\000e\000\040\000S\000c\000a\000l\000a\000b\000i\000l\000i\000t\000y}{section.7}% 26
\BOOKMARK [1][-]{section.8}{\376\377\000C\000o\000n\000c\000l\000u\000s\000i\000o\000n}{}% 27
\BOOKMARK [1][-]{section.9}{\376\377\000C\000o\000d\000e\000\040\000A\000v\000a\000i\000l\000a\000b\000i\000l\000i\000t\000y}{}% 28
